2026-01-22 14:47:27,024 - INFO - Starting NeuroShield Real-Time Orchestrator
2026-01-22 14:47:27,024 - INFO - Connecting to Jenkins: http://127.0.0.1:49195/
2026-01-22 14:47:27,024 - INFO - Monitoring job: sock-shop-pipeline
2026-01-22 14:47:29,539 - INFO - New build detected: #1 (SUCCESS)
2026-01-22 14:47:29,608 - ERROR - Error in orchestrator: [Errno 2] No such file or directory: 'data\\minikube_telemetry.csv'
Traceback (most recent call last):
  File "K:\Devops\NeuroShield\src\orchestrator\main.py", line 198, in main
    failure_prob, state_vector = predictor.predict_with_state(log_text, telemetry_path)
                                 ~~~~~~~~~~~~~~~~~~~~~~~~~~~~^^^^^^^^^^^^^^^^^^^^^^^^^^
  File "K:\Devops\NeuroShield\src\prediction\predictor.py", line 151, in predict_with_state
    state_vector = self.build_state_vector(log_text, telemetry)
  File "K:\Devops\NeuroShield\src\prediction\predictor.py", line 123, in build_state_vector
    telemetry_dict = resolve_telemetry(telemetry)
  File "K:\Devops\NeuroShield\src\prediction\predictor.py", line 79, in resolve_telemetry
    return _load_latest_telemetry(Path(telemetry_input))
  File "K:\Devops\NeuroShield\src\prediction\predictor.py", line 68, in _load_latest_telemetry
    df = pd.read_csv(csv_path)
  File "K:\Devops\NeuroShield\venv\Lib\site-packages\pandas\io\parsers\readers.py", line 1026, in read_csv
    return _read(filepath_or_buffer, kwds)
  File "K:\Devops\NeuroShield\venv\Lib\site-packages\pandas\io\parsers\readers.py", line 620, in _read
    parser = TextFileReader(filepath_or_buffer, **kwds)
  File "K:\Devops\NeuroShield\venv\Lib\site-packages\pandas\io\parsers\readers.py", line 1620, in __init__
    self._engine = self._make_engine(f, self.engine)
                   ~~~~~~~~~~~~~~~~~^^^^^^^^^^^^^^^^
  File "K:\Devops\NeuroShield\venv\Lib\site-packages\pandas\io\parsers\readers.py", line 1880, in _make_engine
    self.handles = get_handle(
                   ~~~~~~~~~~^
        f,
        ^^
    ...<6 lines>...
        storage_options=self.options.get("storage_options", None),
        ^^^^^^^^^^^^^^^^^^^^^^^^^^^^^^^^^^^^^^^^^^^^^^^^^^^^^^^^^^
    )
    ^
  File "K:\Devops\NeuroShield\venv\Lib\site-packages\pandas\io\common.py", line 873, in get_handle
    handle = open(
        handle,
    ...<3 lines>...
        newline="",
    )
FileNotFoundError: [Errno 2] No such file or directory: 'data\\minikube_telemetry.csv'
2026-01-22 14:49:13,061 - INFO - Starting NeuroShield Real-Time Orchestrator
2026-01-22 14:49:13,061 - INFO - Connecting to Jenkins: http://127.0.0.1:49195/
2026-01-22 14:49:13,061 - INFO - Monitoring job: sock-shop-pipeline
2026-01-22 14:49:15,517 - INFO - New build detected: #1 (SUCCESS)
2026-01-22 14:49:15,858 - INFO - Failure probability: 0.102 | pattern=Unknown | build_url=http://127.0.0.1:49195/job/sock-shop-pipeline/1/
2026-01-22 14:49:15,858 - INFO - Build looks healthy; no intervention
2026-02-27 13:16:46,626 - INFO - Starting NeuroShield Real-Time Orchestrator
2026-02-27 13:16:46,627 - INFO - Connecting to Jenkins: http://127.0.0.1:8080
2026-02-27 13:16:46,628 - INFO - Monitoring job: build-pipeline
2026-02-27 13:16:51,174 - WARNING - Error fetching build info: 404
2026-02-27 13:17:01,259 - WARNING - Error fetching build info: 404
2026-02-27 13:17:11,289 - WARNING - Error fetching build info: 404
2026-02-27 13:17:21,358 - WARNING - Error fetching build info: 404
2026-02-27 13:17:31,409 - WARNING - Error fetching build info: 404
2026-02-27 13:17:41,457 - WARNING - Error fetching build info: 404
2026-02-27 13:17:51,553 - WARNING - Error fetching build info: 404
2026-02-27 13:18:01,659 - WARNING - Error fetching build info: 404
2026-02-27 13:18:11,709 - WARNING - Error fetching build info: 404
2026-02-27 13:18:21,758 - WARNING - Error fetching build info: 404
2026-02-27 13:18:31,801 - WARNING - Error fetching build info: 404
2026-02-27 13:18:41,846 - WARNING - Error fetching build info: 404
2026-02-27 13:18:51,884 - WARNING - Error fetching build info: 404
2026-02-27 13:19:01,922 - WARNING - Error fetching build info: 404
2026-02-27 13:19:11,966 - WARNING - Error fetching build info: 404
2026-02-27 13:19:22,060 - WARNING - Error fetching build info: 404
2026-02-27 13:19:32,113 - WARNING - Error fetching build info: 404
2026-02-27 13:19:42,150 - WARNING - Error fetching build info: 404
2026-02-27 13:19:52,247 - WARNING - Error fetching build info: 404
2026-02-27 13:20:02,295 - WARNING - Error fetching build info: 404
2026-02-27 13:20:12,335 - WARNING - Error fetching build info: 404
2026-02-27 13:20:22,381 - WARNING - Error fetching build info: 404
2026-02-27 13:20:32,430 - WARNING - Error fetching build info: 404
2026-02-27 13:20:42,481 - WARNING - Error fetching build info: 404
2026-02-27 13:20:52,516 - WARNING - Error fetching build info: 404
2026-02-27 13:21:02,555 - WARNING - Error fetching build info: 404
2026-02-27 13:21:12,602 - WARNING - Error fetching build info: 404
2026-02-27 13:21:22,639 - WARNING - Error fetching build info: 404
2026-02-27 13:21:32,682 - WARNING - Error fetching build info: 404
2026-02-27 13:21:42,720 - WARNING - Error fetching build info: 404
2026-02-27 13:21:52,768 - WARNING - Error fetching build info: 404
2026-02-27 13:22:02,817 - WARNING - Error fetching build info: 404
2026-02-27 13:22:12,858 - WARNING - Error fetching build info: 404
2026-02-27 13:22:22,897 - WARNING - Error fetching build info: 404
2026-02-27 13:22:32,938 - WARNING - Error fetching build info: 404
2026-02-27 13:22:42,986 - WARNING - Error fetching build info: 404
2026-02-27 13:22:53,036 - WARNING - Error fetching build info: 404
2026-02-27 13:23:03,073 - WARNING - Error fetching build info: 404
2026-02-27 13:23:13,108 - WARNING - Error fetching build info: 404
2026-02-27 13:23:23,160 - WARNING - Error fetching build info: 404
2026-02-27 13:23:33,208 - WARNING - Error fetching build info: 404
2026-02-27 13:23:43,271 - WARNING - Error fetching build info: 404
2026-02-27 13:23:53,308 - WARNING - Error fetching build info: 404
2026-02-27 13:24:03,360 - WARNING - Error fetching build info: 404
2026-02-27 13:24:13,397 - WARNING - Error fetching build info: 404
2026-02-27 13:24:23,446 - WARNING - Error fetching build info: 404
2026-02-27 13:24:33,486 - WARNING - Error fetching build info: 404
2026-02-27 13:24:43,521 - WARNING - Error fetching build info: 404
2026-02-27 13:24:53,581 - WARNING - Error fetching build info: 404
2026-02-27 13:25:03,617 - WARNING - Error fetching build info: 404
2026-02-27 13:25:13,674 - WARNING - Error fetching build info: 404
2026-02-27 13:25:23,719 - WARNING - Error fetching build info: 404
2026-02-27 13:25:33,753 - WARNING - Error fetching build info: 404
2026-02-27 13:25:43,796 - WARNING - Error fetching build info: 404
2026-02-27 13:25:53,844 - WARNING - Error fetching build info: 404
2026-02-27 13:26:03,892 - WARNING - Error fetching build info: 404
2026-02-27 13:26:13,938 - WARNING - Error fetching build info: 404
2026-02-27 13:26:23,990 - WARNING - Error fetching build info: 404
2026-02-27 13:26:34,035 - WARNING - Error fetching build info: 404
2026-02-27 13:26:44,081 - WARNING - Error fetching build info: 404
2026-02-27 13:26:54,130 - WARNING - Error fetching build info: 404
2026-02-27 13:27:04,176 - WARNING - Error fetching build info: 404
2026-02-27 13:27:14,225 - WARNING - Error fetching build info: 404
2026-02-27 13:27:24,265 - WARNING - Error fetching build info: 404
2026-02-27 13:27:34,300 - WARNING - Error fetching build info: 404
2026-02-27 13:27:44,342 - WARNING - Error fetching build info: 404
2026-02-27 13:27:54,384 - WARNING - Error fetching build info: 404
2026-02-27 13:28:04,417 - WARNING - Error fetching build info: 404
2026-02-27 13:28:14,472 - WARNING - Error fetching build info: 404
2026-02-27 13:28:24,516 - WARNING - Error fetching build info: 404
2026-02-27 13:28:34,558 - WARNING - Error fetching build info: 404
2026-02-27 13:28:44,600 - WARNING - Error fetching build info: 404
2026-02-27 13:28:54,697 - WARNING - Error fetching build info: 404
2026-02-27 13:29:04,734 - WARNING - Error fetching build info: 404
2026-02-27 13:29:14,774 - WARNING - Error fetching build info: 404
2026-02-27 13:29:24,814 - WARNING - Error fetching build info: 404
2026-02-27 13:29:34,846 - WARNING - Error fetching build info: 404
2026-02-27 13:29:44,885 - WARNING - Error fetching build info: 404
2026-02-27 13:29:54,928 - WARNING - Error fetching build info: 404
2026-02-27 13:30:04,978 - WARNING - Error fetching build info: 404
2026-02-27 13:30:15,023 - WARNING - Error fetching build info: 404
2026-02-27 13:30:25,064 - WARNING - Error fetching build info: 404
2026-02-27 13:30:35,108 - WARNING - Error fetching build info: 404
2026-02-27 13:30:45,150 - WARNING - Error fetching build info: 404
2026-02-27 13:30:55,198 - WARNING - Error fetching build info: 404
2026-02-27 13:31:05,245 - WARNING - Error fetching build info: 404
2026-02-27 13:31:15,289 - WARNING - Error fetching build info: 404
2026-02-27 13:31:25,316 - WARNING - Error fetching build info: 404
2026-02-27 13:31:35,366 - WARNING - Error fetching build info: 404
2026-02-27 13:31:45,404 - WARNING - Error fetching build info: 404
2026-02-27 13:31:55,431 - WARNING - Error fetching build info: 404
2026-02-27 13:32:02,055 - INFO - Starting NeuroShield Real-Time Orchestrator
2026-02-27 13:32:02,055 - INFO - Connecting to Jenkins: http://127.0.0.1:8080
2026-02-27 13:32:02,056 - INFO - Monitoring job: build-pipeline
2026-02-27 13:32:04,585 - WARNING - Error fetching build info: 404
2026-02-27 13:32:05,464 - WARNING - Error fetching build info: 404
2026-02-27 13:32:14,622 - WARNING - Error fetching build info: 404
2026-02-27 13:32:15,490 - WARNING - Error fetching build info: 404
2026-02-27 13:32:19,289 - INFO - Orchestrator stopped by user
2026-02-27 13:32:25,524 - WARNING - Error fetching build info: 404
2026-02-27 13:32:35,568 - WARNING - Error fetching build info: 404
2026-02-27 13:32:45,610 - WARNING - Error fetching build info: 404
2026-02-27 13:32:55,650 - WARNING - Error fetching build info: 404
2026-02-27 13:33:05,686 - WARNING - Error fetching build info: 404
2026-02-27 13:33:15,732 - WARNING - Error fetching build info: 404
2026-02-27 13:33:25,768 - WARNING - Error fetching build info: 404
2026-02-27 13:33:35,812 - WARNING - Error fetching build info: 404
2026-02-27 13:33:45,858 - WARNING - Error fetching build info: 404
2026-02-27 13:33:55,907 - WARNING - Error fetching build info: 404
2026-02-27 13:34:05,966 - WARNING - Error fetching build info: 404
2026-02-27 13:34:16,015 - WARNING - Error fetching build info: 404
2026-02-27 13:34:26,052 - WARNING - Error fetching build info: 404
2026-02-27 13:34:36,085 - WARNING - Error fetching build info: 404
2026-02-27 13:34:46,122 - WARNING - Error fetching build info: 404
2026-02-27 13:34:56,179 - WARNING - Error fetching build info: 404
2026-02-27 13:35:06,217 - WARNING - Error fetching build info: 404
2026-02-27 13:35:16,369 - WARNING - Error fetching build info: 404
2026-02-27 13:35:26,465 - WARNING - Error fetching build info: 404
2026-02-27 13:35:36,536 - WARNING - Error fetching build info: 404
2026-02-27 13:35:46,655 - WARNING - Error fetching build info: 404
2026-02-27 13:35:56,753 - WARNING - Error fetching build info: 404
2026-02-27 13:36:06,794 - WARNING - Error fetching build info: 404
2026-02-27 13:36:16,845 - WARNING - Error fetching build info: 404
2026-02-27 13:36:26,956 - WARNING - Error fetching build info: 404
2026-02-27 13:36:37,001 - WARNING - Error fetching build info: 404
2026-02-27 13:36:47,049 - WARNING - Error fetching build info: 404
2026-02-27 13:36:57,101 - WARNING - Error fetching build info: 404
2026-02-27 13:37:07,145 - WARNING - Error fetching build info: 404
2026-02-27 13:37:17,197 - WARNING - Error fetching build info: 404
2026-02-27 13:37:27,241 - WARNING - Error fetching build info: 404
2026-02-27 13:37:37,278 - WARNING - Error fetching build info: 404
2026-02-27 13:37:47,326 - WARNING - Error fetching build info: 404
2026-02-27 13:37:57,373 - WARNING - Error fetching build info: 404
2026-02-27 13:38:07,423 - WARNING - Error fetching build info: 404
2026-02-27 13:38:17,464 - WARNING - Error fetching build info: 404
2026-02-27 13:38:27,507 - WARNING - Error fetching build info: 404
2026-02-27 13:38:37,548 - WARNING - Error fetching build info: 404
2026-02-27 13:38:47,599 - WARNING - Error fetching build info: 404
2026-02-27 13:38:57,640 - WARNING - Error fetching build info: 404
2026-02-27 13:39:07,681 - WARNING - Error fetching build info: 404
2026-02-27 13:39:17,721 - WARNING - Error fetching build info: 404
2026-02-27 13:39:27,769 - WARNING - Error fetching build info: 404
2026-02-27 13:39:37,808 - WARNING - Error fetching build info: 404
2026-02-27 13:39:47,858 - WARNING - Error fetching build info: 404
2026-02-27 13:39:57,908 - WARNING - Error fetching build info: 404
2026-02-27 13:40:07,953 - WARNING - Error fetching build info: 404
2026-02-27 13:40:17,993 - WARNING - Error fetching build info: 404
2026-02-27 13:40:28,043 - WARNING - Error fetching build info: 404
2026-02-27 13:40:38,092 - WARNING - Error fetching build info: 404
2026-02-27 13:40:48,125 - WARNING - Error fetching build info: 404
2026-02-27 13:40:58,183 - WARNING - Error fetching build info: 404
2026-02-27 13:41:08,223 - WARNING - Error fetching build info: 404
2026-02-27 13:41:18,265 - WARNING - Error fetching build info: 404
2026-02-27 13:41:28,299 - WARNING - Error fetching build info: 404
2026-02-27 13:41:38,337 - WARNING - Error fetching build info: 404
2026-02-27 13:41:48,379 - WARNING - Error fetching build info: 404
2026-02-27 13:41:58,428 - WARNING - Error fetching build info: 404
2026-02-27 13:42:08,483 - WARNING - Error fetching build info: 404
2026-02-27 13:42:18,529 - WARNING - Error fetching build info: 404
2026-02-27 13:42:28,576 - WARNING - Error fetching build info: 404
2026-02-27 13:42:38,616 - WARNING - Error fetching build info: 404
2026-02-27 13:42:48,659 - WARNING - Error fetching build info: 404
2026-02-27 13:42:58,705 - WARNING - Error fetching build info: 404
2026-02-27 13:43:08,755 - WARNING - Error fetching build info: 404
2026-02-27 13:43:18,794 - WARNING - Error fetching build info: 404
2026-02-27 13:43:28,839 - WARNING - Error fetching build info: 404
2026-02-27 13:43:38,875 - WARNING - Error fetching build info: 404
2026-02-27 13:43:48,922 - WARNING - Error fetching build info: 404
2026-02-27 14:09:31,301 - WARNING - Error fetching build info: 404
2026-02-27 14:09:41,439 - WARNING - Error fetching build info: 404
2026-02-27 14:09:51,555 - WARNING - Error fetching build info: 404
2026-02-27 14:10:01,647 - WARNING - Error fetching build info: 404
2026-02-27 14:10:11,703 - WARNING - Error fetching build info: 404
2026-02-27 14:10:21,759 - WARNING - Error fetching build info: 404
2026-02-27 14:10:31,797 - WARNING - Error fetching build info: 404
2026-02-27 14:10:41,842 - WARNING - Error fetching build info: 404
2026-02-27 14:10:51,887 - WARNING - Error fetching build info: 404
2026-02-27 14:11:01,927 - WARNING - Error fetching build info: 404
2026-02-27 14:11:11,972 - WARNING - Error fetching build info: 404
2026-02-27 14:11:22,018 - WARNING - Error fetching build info: 404
2026-02-27 14:11:32,057 - WARNING - Error fetching build info: 404
2026-02-27 14:11:42,104 - WARNING - Error fetching build info: 404
2026-02-27 14:11:52,161 - WARNING - Error fetching build info: 404
2026-02-27 14:12:02,209 - WARNING - Error fetching build info: 404
2026-02-27 14:12:12,256 - WARNING - Error fetching build info: 404
2026-02-27 14:12:22,293 - WARNING - Error fetching build info: 404
2026-02-27 14:12:32,351 - WARNING - Error fetching build info: 404
2026-02-27 14:12:42,393 - WARNING - Error fetching build info: 404
2026-02-27 14:12:52,444 - WARNING - Error fetching build info: 404
2026-02-27 14:13:02,481 - WARNING - Error fetching build info: 404
2026-02-27 14:13:12,549 - WARNING - Error fetching build info: 404
2026-02-27 14:13:22,630 - WARNING - Error fetching build info: 404
2026-02-27 14:13:32,677 - WARNING - Error fetching build info: 404
2026-02-27 14:13:42,720 - WARNING - Error fetching build info: 404
2026-02-27 14:13:52,756 - WARNING - Error fetching build info: 404
2026-02-27 14:14:02,804 - WARNING - Error fetching build info: 404
2026-02-27 14:14:12,855 - WARNING - Error fetching build info: 404
2026-02-27 14:14:22,885 - WARNING - Error fetching build info: 404
2026-02-27 14:14:32,922 - WARNING - Error fetching build info: 404
2026-02-27 14:14:42,974 - WARNING - Error fetching build info: 404
2026-02-27 14:14:53,030 - WARNING - Error fetching build info: 404
2026-02-27 14:15:03,074 - WARNING - Error fetching build info: 404
2026-02-27 14:15:13,119 - WARNING - Error fetching build info: 404
2026-02-27 14:15:23,170 - WARNING - Error fetching build info: 404
2026-02-27 14:15:33,220 - WARNING - Error fetching build info: 404
2026-02-27 14:15:43,256 - WARNING - Error fetching build info: 404
2026-02-27 14:15:53,293 - WARNING - Error fetching build info: 404
2026-02-27 14:16:03,330 - WARNING - Error fetching build info: 404
2026-02-27 14:16:13,375 - WARNING - Error fetching build info: 404
2026-02-27 14:16:23,425 - WARNING - Error fetching build info: 404
2026-02-27 14:16:33,467 - WARNING - Error fetching build info: 404
2026-02-27 14:16:43,514 - WARNING - Error fetching build info: 404
2026-02-27 14:16:53,559 - WARNING - Error fetching build info: 404
2026-02-27 14:17:03,596 - WARNING - Error fetching build info: 404
2026-02-27 14:17:13,702 - WARNING - Error fetching build info: 404
2026-02-27 14:17:23,745 - WARNING - Error fetching build info: 404
2026-02-27 14:17:33,795 - WARNING - Error fetching build info: 404
2026-02-27 14:17:43,840 - WARNING - Error fetching build info: 404
2026-02-27 14:17:53,877 - WARNING - Error fetching build info: 404
2026-02-27 14:18:03,920 - WARNING - Error fetching build info: 404
2026-02-27 14:18:13,966 - WARNING - Error fetching build info: 404
2026-02-27 14:18:24,090 - WARNING - Error fetching build info: 404
2026-02-27 14:18:34,137 - WARNING - Error fetching build info: 404
2026-02-27 14:18:44,188 - WARNING - Error fetching build info: 404
2026-02-27 14:18:54,237 - WARNING - Error fetching build info: 404
2026-02-27 14:19:04,287 - WARNING - Error fetching build info: 404
2026-02-27 14:19:14,337 - WARNING - Error fetching build info: 404
2026-02-27 14:19:24,391 - WARNING - Error fetching build info: 404
2026-02-27 14:19:34,464 - WARNING - Error fetching build info: 404
2026-02-27 14:19:44,523 - WARNING - Error fetching build info: 404
2026-02-27 14:19:54,561 - WARNING - Error fetching build info: 404
2026-02-27 14:20:04,592 - WARNING - Error fetching build info: 404
2026-02-27 14:20:14,631 - WARNING - Error fetching build info: 404
2026-02-27 14:20:24,671 - WARNING - Error fetching build info: 404
2026-02-27 14:20:34,713 - WARNING - Error fetching build info: 404
2026-02-27 14:20:44,762 - WARNING - Error fetching build info: 404
2026-02-27 14:20:54,806 - WARNING - Error fetching build info: 404
2026-02-27 14:21:04,845 - WARNING - Error fetching build info: 404
2026-02-27 14:21:14,883 - WARNING - Error fetching build info: 404
2026-02-27 14:21:24,922 - WARNING - Error fetching build info: 404
2026-02-27 14:21:34,961 - WARNING - Error fetching build info: 404
2026-02-27 14:21:44,998 - WARNING - Error fetching build info: 404
2026-02-27 14:21:55,069 - WARNING - Error fetching build info: 404
2026-02-27 14:22:05,110 - WARNING - Error fetching build info: 404
2026-02-27 14:22:15,150 - WARNING - Error fetching build info: 404
2026-02-27 14:22:25,192 - WARNING - Error fetching build info: 404
2026-02-27 14:22:35,288 - WARNING - Error fetching build info: 404
2026-02-27 14:22:45,332 - WARNING - Error fetching build info: 404
2026-02-27 14:22:55,374 - WARNING - Error fetching build info: 404
2026-02-27 14:23:05,417 - WARNING - Error fetching build info: 404
2026-02-27 14:23:15,459 - WARNING - Error fetching build info: 404
2026-02-27 14:23:25,498 - WARNING - Error fetching build info: 404
2026-02-27 14:23:35,541 - WARNING - Error fetching build info: 404
2026-02-27 14:23:45,579 - WARNING - Error fetching build info: 404
2026-02-27 14:23:55,621 - WARNING - Error fetching build info: 404
2026-02-27 14:24:05,667 - WARNING - Error fetching build info: 404
2026-02-27 14:24:15,700 - WARNING - Error fetching build info: 404
2026-02-27 14:24:25,760 - WARNING - Error fetching build info: 404
2026-02-27 14:24:35,814 - WARNING - Error fetching build info: 404
2026-02-27 14:24:45,854 - WARNING - Error fetching build info: 404
2026-02-27 14:24:55,959 - WARNING - Error fetching build info: 404
2026-02-27 14:25:06,002 - WARNING - Error fetching build info: 404
2026-02-27 14:25:16,048 - WARNING - Error fetching build info: 404
2026-02-27 14:25:26,084 - WARNING - Error fetching build info: 404
2026-02-27 14:25:36,124 - WARNING - Error fetching build info: 404
2026-02-27 14:25:46,185 - WARNING - Error fetching build info: 404
2026-02-27 14:25:56,250 - WARNING - Error fetching build info: 404
2026-02-27 14:26:06,283 - WARNING - Error fetching build info: 404
2026-02-27 14:26:16,324 - WARNING - Error fetching build info: 404
2026-02-27 14:26:26,363 - WARNING - Error fetching build info: 404
2026-02-27 14:26:36,405 - WARNING - Error fetching build info: 404
2026-02-27 14:26:46,440 - WARNING - Error fetching build info: 404
2026-02-27 14:26:56,484 - WARNING - Error fetching build info: 404
2026-02-27 14:27:06,529 - WARNING - Error fetching build info: 404
2026-02-27 14:27:16,572 - WARNING - Error fetching build info: 404
2026-02-27 14:27:26,611 - WARNING - Error fetching build info: 404
2026-02-27 14:27:36,655 - WARNING - Error fetching build info: 404
2026-02-27 14:27:46,703 - WARNING - Error fetching build info: 404
2026-02-27 14:27:56,751 - WARNING - Error fetching build info: 404
2026-02-27 14:28:06,800 - WARNING - Error fetching build info: 404
2026-02-27 14:28:16,839 - WARNING - Error fetching build info: 404
2026-02-27 14:28:26,898 - WARNING - Error fetching build info: 404
2026-02-27 14:28:37,032 - WARNING - Error fetching build info: 404
2026-02-27 14:28:47,072 - WARNING - Error fetching build info: 404
2026-02-27 14:28:57,115 - WARNING - Error fetching build info: 404
2026-02-27 14:29:07,154 - WARNING - Error fetching build info: 404
2026-02-27 14:29:17,203 - WARNING - Error fetching build info: 404
2026-02-27 14:29:27,246 - WARNING - Error fetching build info: 404
2026-02-27 14:29:37,295 - WARNING - Error fetching build info: 404
2026-02-27 14:29:47,339 - WARNING - Error fetching build info: 404
2026-02-27 14:29:57,378 - WARNING - Error fetching build info: 404
2026-02-27 14:30:07,418 - WARNING - Error fetching build info: 404
2026-02-27 14:30:17,475 - WARNING - Error fetching build info: 404
2026-02-27 14:30:27,522 - WARNING - Error fetching build info: 404
2026-02-27 14:30:37,568 - WARNING - Error fetching build info: 404
2026-02-27 14:30:47,604 - WARNING - Error fetching build info: 404
2026-02-27 14:30:57,651 - WARNING - Error fetching build info: 404
2026-02-27 14:31:07,685 - WARNING - Error fetching build info: 404
2026-02-27 14:31:17,738 - WARNING - Error fetching build info: 404
2026-02-27 14:31:27,786 - WARNING - Error fetching build info: 404
2026-02-27 14:31:37,845 - WARNING - Error fetching build info: 404
2026-02-27 14:31:47,917 - WARNING - Error fetching build info: 404
2026-02-27 14:31:57,954 - WARNING - Error fetching build info: 404
2026-02-27 14:32:07,993 - WARNING - Error fetching build info: 404
2026-02-27 14:32:18,028 - WARNING - Error fetching build info: 404
2026-02-27 14:32:28,078 - WARNING - Error fetching build info: 404
2026-02-27 14:32:38,104 - WARNING - Error fetching build info: 404
2026-02-27 14:32:48,156 - WARNING - Error fetching build info: 404
2026-02-27 14:32:58,203 - WARNING - Error fetching build info: 404
2026-02-27 14:33:08,246 - WARNING - Error fetching build info: 404
2026-02-27 14:33:18,303 - WARNING - Error fetching build info: 404
2026-02-27 14:33:28,362 - WARNING - Error fetching build info: 404
2026-02-27 14:33:38,420 - WARNING - Error fetching build info: 404
2026-02-27 14:33:48,468 - WARNING - Error fetching build info: 404
2026-02-27 14:33:58,514 - WARNING - Error fetching build info: 404
2026-02-27 14:34:08,553 - WARNING - Error fetching build info: 404
2026-02-27 14:34:18,590 - WARNING - Error fetching build info: 404
2026-02-27 14:34:28,629 - WARNING - Error fetching build info: 404
2026-02-27 14:34:38,660 - WARNING - Error fetching build info: 404
2026-02-27 14:34:48,722 - WARNING - Error fetching build info: 404
2026-02-27 14:34:58,761 - WARNING - Error fetching build info: 404
2026-02-27 14:35:08,809 - WARNING - Error fetching build info: 404
2026-02-27 14:35:18,851 - WARNING - Error fetching build info: 404
2026-02-27 14:35:28,885 - WARNING - Error fetching build info: 404
2026-02-27 14:35:38,920 - WARNING - Error fetching build info: 404
2026-02-27 14:35:48,955 - WARNING - Error fetching build info: 404
2026-02-27 14:35:58,995 - WARNING - Error fetching build info: 404
2026-02-27 14:36:09,030 - WARNING - Error fetching build info: 404
2026-02-27 14:36:19,069 - WARNING - Error fetching build info: 404
2026-02-27 14:36:29,121 - WARNING - Error fetching build info: 404
2026-02-27 14:36:39,155 - WARNING - Error fetching build info: 404
2026-02-27 14:36:49,202 - WARNING - Error fetching build info: 404
2026-02-27 14:36:59,242 - WARNING - Error fetching build info: 404
2026-02-27 14:37:09,289 - WARNING - Error fetching build info: 404
2026-02-27 14:37:19,328 - WARNING - Error fetching build info: 404
2026-02-27 14:37:29,375 - WARNING - Error fetching build info: 404
2026-02-27 14:37:39,412 - WARNING - Error fetching build info: 404
2026-02-27 14:37:49,459 - WARNING - Error fetching build info: 404
2026-02-27 14:37:59,521 - WARNING - Error fetching build info: 404
2026-02-27 14:38:09,566 - WARNING - Error fetching build info: 404
2026-02-27 14:38:19,617 - WARNING - Error fetching build info: 404
2026-02-27 14:38:29,654 - WARNING - Error fetching build info: 404
2026-02-27 14:38:39,701 - WARNING - Error fetching build info: 404
2026-02-27 14:38:49,747 - WARNING - Error fetching build info: 404
2026-02-27 14:38:59,792 - WARNING - Error fetching build info: 404
2026-02-27 14:39:09,832 - WARNING - Error fetching build info: 404
2026-02-27 14:39:19,879 - WARNING - Error fetching build info: 404
2026-02-27 14:39:29,920 - WARNING - Error fetching build info: 404
2026-02-27 14:39:39,959 - WARNING - Error fetching build info: 404
2026-02-27 14:39:50,001 - WARNING - Error fetching build info: 404
2026-02-27 14:40:00,050 - WARNING - Error fetching build info: 404
2026-02-27 14:40:10,090 - WARNING - Error fetching build info: 404
2026-02-27 14:40:20,147 - WARNING - Error fetching build info: 404
2026-02-27 14:40:30,248 - WARNING - Error fetching build info: 404
2026-02-27 14:40:40,297 - WARNING - Error fetching build info: 404
2026-02-27 14:40:50,341 - WARNING - Error fetching build info: 404
2026-02-27 14:41:00,373 - WARNING - Error fetching build info: 404
2026-02-27 14:41:10,419 - WARNING - Error fetching build info: 404
2026-02-27 14:41:20,466 - WARNING - Error fetching build info: 404
2026-02-27 14:41:30,507 - WARNING - Error fetching build info: 404
2026-02-27 14:41:40,547 - WARNING - Error fetching build info: 404
2026-02-27 14:41:50,593 - WARNING - Error fetching build info: 404
2026-02-27 14:42:00,631 - WARNING - Error fetching build info: 404
2026-02-27 14:42:10,675 - WARNING - Error fetching build info: 404
2026-02-27 14:42:20,718 - WARNING - Error fetching build info: 404
2026-02-27 14:42:30,766 - WARNING - Error fetching build info: 404
2026-02-27 14:42:40,800 - WARNING - Error fetching build info: 404
2026-02-27 14:42:50,835 - WARNING - Error fetching build info: 404
2026-02-27 14:43:00,879 - WARNING - Error fetching build info: 404
2026-02-27 14:43:10,919 - WARNING - Error fetching build info: 404
2026-02-27 14:43:20,955 - WARNING - Error fetching build info: 404
2026-02-27 14:43:31,004 - WARNING - Error fetching build info: 404
2026-02-27 14:43:41,049 - WARNING - Error fetching build info: 404
2026-02-27 14:43:51,102 - WARNING - Error fetching build info: 404
2026-02-27 14:44:01,144 - WARNING - Error fetching build info: 404
2026-02-27 14:44:11,187 - WARNING - Error fetching build info: 404
2026-02-27 14:44:21,245 - WARNING - Error fetching build info: 404
2026-02-27 14:44:31,283 - WARNING - Error fetching build info: 404
2026-02-27 14:44:41,318 - WARNING - Error fetching build info: 404
2026-02-27 14:44:51,376 - WARNING - Error fetching build info: 404
2026-02-27 14:45:01,414 - WARNING - Error fetching build info: 404
2026-02-27 14:45:11,462 - WARNING - Error fetching build info: 404
2026-02-27 14:45:21,507 - WARNING - Error fetching build info: 404
2026-02-27 14:45:31,559 - WARNING - Error fetching build info: 404
2026-02-27 14:45:41,603 - WARNING - Error fetching build info: 404
2026-02-27 14:45:51,649 - WARNING - Error fetching build info: 404
2026-02-27 14:46:01,681 - WARNING - Error fetching build info: 404
2026-02-27 14:46:11,720 - WARNING - Error fetching build info: 404
2026-02-27 14:46:21,829 - WARNING - Error fetching build info: 404
2026-02-27 14:46:31,874 - WARNING - Error fetching build info: 404
2026-02-27 14:46:41,915 - WARNING - Error fetching build info: 404
2026-02-27 14:46:51,951 - WARNING - Error fetching build info: 404
2026-02-27 14:47:01,996 - WARNING - Error fetching build info: 404
2026-02-27 14:47:12,031 - WARNING - Error fetching build info: 404
2026-02-27 14:47:22,071 - WARNING - Error fetching build info: 404
2026-02-27 14:47:32,116 - WARNING - Error fetching build info: 404
2026-02-27 14:47:42,166 - WARNING - Error fetching build info: 404
2026-02-27 14:47:52,204 - WARNING - Error fetching build info: 404
2026-02-27 14:48:02,240 - WARNING - Error fetching build info: 404
2026-02-27 14:48:12,286 - WARNING - Error fetching build info: 404
2026-02-27 14:48:22,327 - WARNING - Error fetching build info: 404
2026-02-27 14:48:32,374 - WARNING - Error fetching build info: 404
2026-02-27 14:48:42,413 - WARNING - Error fetching build info: 404
2026-02-27 14:48:52,458 - WARNING - Error fetching build info: 404
2026-02-27 14:49:02,496 - WARNING - Error fetching build info: 404
2026-02-27 14:49:12,537 - WARNING - Error fetching build info: 404
2026-02-27 14:49:22,576 - WARNING - Error fetching build info: 404
2026-02-27 14:49:32,613 - WARNING - Error fetching build info: 404
2026-02-27 14:49:42,655 - WARNING - Error fetching build info: 404
2026-02-27 14:49:52,707 - WARNING - Error fetching build info: 404
2026-02-27 14:50:02,746 - WARNING - Error fetching build info: 404
2026-02-27 14:50:12,783 - WARNING - Error fetching build info: 404
2026-02-27 14:50:22,832 - WARNING - Error fetching build info: 404
2026-02-27 14:50:32,886 - WARNING - Error fetching build info: 404
2026-02-27 14:50:42,926 - WARNING - Error fetching build info: 404
2026-02-27 14:50:52,976 - WARNING - Error fetching build info: 404
2026-02-27 14:51:03,016 - WARNING - Error fetching build info: 404
2026-02-27 14:51:13,062 - WARNING - Error fetching build info: 404
2026-02-27 14:51:23,105 - WARNING - Error fetching build info: 404
2026-02-27 14:51:33,149 - WARNING - Error fetching build info: 404
2026-02-27 14:51:43,188 - WARNING - Error fetching build info: 404
2026-02-27 14:51:53,228 - WARNING - Error fetching build info: 404
2026-02-27 14:52:03,263 - WARNING - Error fetching build info: 404
2026-02-27 14:52:13,306 - WARNING - Error fetching build info: 404
2026-02-27 14:52:23,348 - WARNING - Error fetching build info: 404
2026-02-27 14:52:33,391 - WARNING - Error fetching build info: 404
2026-02-27 14:52:43,425 - WARNING - Error fetching build info: 404
2026-02-27 14:52:53,464 - WARNING - Error fetching build info: 404
2026-02-27 14:53:03,510 - WARNING - Error fetching build info: 404
2026-02-27 14:53:13,572 - WARNING - Error fetching build info: 404
2026-02-27 14:53:23,616 - WARNING - Error fetching build info: 404
2026-02-27 14:53:33,656 - WARNING - Error fetching build info: 404
2026-02-27 14:53:43,715 - WARNING - Error fetching build info: 404
2026-02-27 14:53:53,752 - WARNING - Error fetching build info: 404
2026-02-27 14:54:03,795 - WARNING - Error fetching build info: 404
2026-02-27 14:54:13,843 - WARNING - Error fetching build info: 404
2026-02-27 14:54:23,880 - WARNING - Error fetching build info: 404
2026-02-27 14:54:33,925 - WARNING - Error fetching build info: 404
2026-02-27 14:54:43,984 - WARNING - Error fetching build info: 404
2026-02-27 14:54:54,020 - WARNING - Error fetching build info: 404
2026-02-27 14:55:04,055 - WARNING - Error fetching build info: 404
2026-02-27 14:55:14,095 - WARNING - Error fetching build info: 404
2026-02-27 14:55:24,143 - WARNING - Error fetching build info: 404
2026-02-27 14:55:34,181 - WARNING - Error fetching build info: 404
2026-02-27 14:55:44,219 - WARNING - Error fetching build info: 404
2026-02-27 14:55:54,265 - WARNING - Error fetching build info: 404
2026-02-27 14:56:04,309 - WARNING - Error fetching build info: 404
2026-02-27 14:56:14,361 - WARNING - Error fetching build info: 404
2026-02-27 14:56:24,400 - WARNING - Error fetching build info: 404
2026-02-27 14:56:34,437 - WARNING - Error fetching build info: 404
2026-02-27 14:56:44,477 - WARNING - Error fetching build info: 404
2026-02-27 14:56:54,534 - WARNING - Error fetching build info: 404
2026-02-27 14:57:04,588 - WARNING - Error fetching build info: 404
2026-02-27 14:57:14,628 - WARNING - Error fetching build info: 404
2026-02-27 14:57:24,672 - WARNING - Error fetching build info: 404
2026-02-27 14:57:34,723 - WARNING - Error fetching build info: 404
2026-02-27 14:57:44,759 - WARNING - Error fetching build info: 404
2026-02-27 14:57:54,794 - WARNING - Error fetching build info: 404
2026-02-27 14:58:04,836 - WARNING - Error fetching build info: 404
2026-02-27 14:58:14,871 - WARNING - Error fetching build info: 404
2026-02-27 14:58:24,909 - WARNING - Error fetching build info: 404
2026-02-27 14:58:34,956 - WARNING - Error fetching build info: 404
2026-02-27 14:58:45,004 - WARNING - Error fetching build info: 404
2026-02-27 14:58:55,051 - WARNING - Error fetching build info: 404
2026-02-27 14:59:05,098 - WARNING - Error fetching build info: 404
2026-02-27 14:59:15,138 - WARNING - Error fetching build info: 404
2026-02-27 14:59:25,175 - WARNING - Error fetching build info: 404
2026-02-27 14:59:35,213 - WARNING - Error fetching build info: 404
2026-02-27 14:59:45,262 - WARNING - Error fetching build info: 404
2026-02-27 14:59:55,310 - WARNING - Error fetching build info: 404
2026-02-27 15:00:05,356 - WARNING - Error fetching build info: 404
2026-02-27 15:00:15,395 - WARNING - Error fetching build info: 404
2026-02-27 15:00:25,436 - WARNING - Error fetching build info: 404
2026-02-27 15:00:35,491 - WARNING - Error fetching build info: 404
2026-02-27 15:00:45,529 - WARNING - Error fetching build info: 404
2026-02-27 15:00:55,574 - WARNING - Error fetching build info: 404
2026-02-27 15:01:05,616 - WARNING - Error fetching build info: 404
2026-02-27 15:01:15,653 - WARNING - Error fetching build info: 404
2026-02-27 15:01:25,702 - WARNING - Error fetching build info: 404
2026-02-27 15:01:35,748 - WARNING - Error fetching build info: 404
2026-02-27 15:01:45,792 - WARNING - Error fetching build info: 404
2026-02-27 15:01:55,841 - WARNING - Error fetching build info: 404
2026-02-27 15:02:05,879 - WARNING - Error fetching build info: 404
2026-02-27 15:02:15,923 - WARNING - Error fetching build info: 404
2026-02-27 15:02:25,960 - WARNING - Error fetching build info: 404
2026-02-27 15:02:36,009 - WARNING - Error fetching build info: 404
2026-02-27 15:02:46,051 - WARNING - Error fetching build info: 404
2026-02-27 15:02:56,087 - WARNING - Error fetching build info: 404
2026-02-27 15:03:06,131 - WARNING - Error fetching build info: 404
2026-02-27 15:03:16,177 - WARNING - Error fetching build info: 404
2026-02-27 15:03:26,227 - WARNING - Error fetching build info: 404
2026-02-27 15:03:36,260 - WARNING - Error fetching build info: 404
2026-02-27 15:03:46,300 - WARNING - Error fetching build info: 404
2026-02-27 15:03:56,347 - WARNING - Error fetching build info: 404
2026-02-27 15:04:06,380 - WARNING - Error fetching build info: 404
2026-02-27 15:04:16,419 - WARNING - Error fetching build info: 404
2026-02-27 15:04:26,471 - WARNING - Error fetching build info: 404
2026-02-27 15:04:36,508 - WARNING - Error fetching build info: 404
2026-02-27 15:04:46,545 - WARNING - Error fetching build info: 404
2026-02-27 15:04:56,581 - WARNING - Error fetching build info: 404
2026-02-27 15:05:06,636 - WARNING - Error fetching build info: 404
2026-02-27 15:05:16,678 - WARNING - Error fetching build info: 404
2026-02-27 15:05:26,720 - WARNING - Error fetching build info: 404
2026-02-27 15:05:36,764 - WARNING - Error fetching build info: 404
2026-02-27 15:05:46,803 - WARNING - Error fetching build info: 404
2026-02-27 15:05:56,856 - WARNING - Error fetching build info: 404
2026-02-27 15:06:06,891 - WARNING - Error fetching build info: 404
2026-02-27 15:06:16,928 - WARNING - Error fetching build info: 404
2026-02-27 15:06:26,972 - WARNING - Error fetching build info: 404
2026-02-27 15:06:37,007 - WARNING - Error fetching build info: 404
2026-02-27 15:06:47,042 - WARNING - Error fetching build info: 404
2026-02-27 15:06:57,087 - WARNING - Error fetching build info: 404
2026-02-27 15:07:07,137 - WARNING - Error fetching build info: 404
2026-02-27 15:07:17,178 - WARNING - Error fetching build info: 404
2026-02-27 15:07:27,222 - WARNING - Error fetching build info: 404
2026-02-27 15:07:37,263 - WARNING - Error fetching build info: 404
2026-02-27 15:07:47,309 - WARNING - Error fetching build info: 404
2026-02-27 15:07:57,349 - WARNING - Error fetching build info: 404
2026-02-27 15:08:07,386 - WARNING - Error fetching build info: 404
2026-02-27 15:08:17,428 - WARNING - Error fetching build info: 404
2026-02-27 15:08:27,470 - WARNING - Error fetching build info: 404
2026-02-27 15:08:37,527 - WARNING - Error fetching build info: 404
2026-02-27 15:08:47,568 - WARNING - Error fetching build info: 404
2026-02-27 15:08:57,616 - WARNING - Error fetching build info: 404
2026-02-27 15:09:07,662 - WARNING - Error fetching build info: 404
2026-02-27 15:09:17,708 - WARNING - Error fetching build info: 404
2026-02-27 15:09:27,752 - WARNING - Error fetching build info: 404
2026-02-27 15:09:37,792 - WARNING - Error fetching build info: 404
2026-02-27 15:09:47,833 - WARNING - Error fetching build info: 404
2026-02-27 15:09:57,878 - WARNING - Error fetching build info: 404
2026-02-27 15:10:07,916 - WARNING - Error fetching build info: 404
2026-02-27 15:10:17,960 - WARNING - Error fetching build info: 404
2026-02-27 15:10:27,998 - WARNING - Error fetching build info: 404
2026-02-27 15:10:38,046 - WARNING - Error fetching build info: 404
2026-02-27 15:10:48,083 - WARNING - Error fetching build info: 404
2026-02-27 15:10:58,129 - WARNING - Error fetching build info: 404
2026-02-27 15:11:08,174 - WARNING - Error fetching build info: 404
2026-02-27 15:11:18,218 - WARNING - Error fetching build info: 404
2026-02-27 15:11:28,266 - WARNING - Error fetching build info: 404
2026-02-27 15:11:38,308 - WARNING - Error fetching build info: 404
2026-02-27 15:11:48,349 - WARNING - Error fetching build info: 404
2026-02-27 15:11:58,399 - WARNING - Error fetching build info: 404
2026-02-27 15:12:08,440 - WARNING - Error fetching build info: 404
2026-02-27 15:12:18,489 - WARNING - Error fetching build info: 404
2026-02-27 15:12:28,525 - WARNING - Error fetching build info: 404
2026-02-27 15:12:38,557 - WARNING - Error fetching build info: 404
2026-02-27 15:12:48,598 - WARNING - Error fetching build info: 404
2026-02-27 15:12:58,642 - WARNING - Error fetching build info: 404
2026-02-27 15:13:08,688 - WARNING - Error fetching build info: 404
2026-02-27 15:13:18,727 - WARNING - Error fetching build info: 404
2026-02-27 15:13:28,763 - WARNING - Error fetching build info: 404
2026-02-27 15:13:38,802 - WARNING - Error fetching build info: 404
2026-02-27 15:13:48,844 - WARNING - Error fetching build info: 404
2026-02-27 15:13:58,882 - WARNING - Error fetching build info: 404
2026-02-27 15:14:08,928 - WARNING - Error fetching build info: 404
2026-02-27 15:14:18,962 - WARNING - Error fetching build info: 404
2026-02-27 15:14:28,993 - WARNING - Error fetching build info: 404
2026-02-27 15:14:39,033 - WARNING - Error fetching build info: 404
2026-02-27 15:14:49,075 - WARNING - Error fetching build info: 404
2026-02-27 15:14:59,125 - WARNING - Error fetching build info: 404
2026-02-27 15:15:09,169 - WARNING - Error fetching build info: 404
2026-02-27 15:15:19,218 - WARNING - Error fetching build info: 404
2026-02-27 15:15:29,274 - WARNING - Error fetching build info: 404
2026-02-27 15:15:39,300 - WARNING - Error fetching build info: 404
2026-02-27 15:15:49,334 - WARNING - Error fetching build info: 404
2026-02-27 15:15:59,387 - WARNING - Error fetching build info: 404
2026-02-27 15:16:09,418 - WARNING - Error fetching build info: 404
2026-02-27 15:16:19,458 - WARNING - Error fetching build info: 404
2026-02-27 15:16:29,506 - WARNING - Error fetching build info: 404
2026-02-27 15:16:39,549 - WARNING - Error fetching build info: 404
2026-02-27 15:16:49,585 - WARNING - Error fetching build info: 404
2026-02-27 15:16:59,629 - WARNING - Error fetching build info: 404
2026-02-27 15:17:09,667 - WARNING - Error fetching build info: 404
2026-02-27 15:17:19,706 - WARNING - Error fetching build info: 404
2026-02-27 15:17:29,750 - WARNING - Error fetching build info: 404
2026-02-27 15:17:39,794 - WARNING - Error fetching build info: 404
2026-02-27 15:17:49,844 - WARNING - Error fetching build info: 404
2026-02-27 15:17:59,884 - WARNING - Error fetching build info: 404
2026-02-27 15:18:09,923 - WARNING - Error fetching build info: 404
2026-02-27 15:18:19,961 - WARNING - Error fetching build info: 404
2026-02-27 15:18:29,994 - WARNING - Error fetching build info: 404
2026-02-27 15:18:40,038 - WARNING - Error fetching build info: 404
2026-02-27 15:18:50,085 - WARNING - Error fetching build info: 404
2026-02-27 15:19:00,131 - WARNING - Error fetching build info: 404
2026-02-27 15:19:10,173 - WARNING - Error fetching build info: 404
2026-02-27 15:19:20,209 - WARNING - Error fetching build info: 404
2026-02-27 15:19:30,253 - WARNING - Error fetching build info: 404
2026-02-27 15:19:40,285 - WARNING - Error fetching build info: 404
2026-02-27 15:19:50,334 - WARNING - Error fetching build info: 404
2026-02-27 15:20:00,373 - WARNING - Error fetching build info: 404
2026-02-27 15:20:10,410 - WARNING - Error fetching build info: 404
2026-02-27 15:20:20,455 - WARNING - Error fetching build info: 404
2026-02-27 15:20:30,499 - WARNING - Error fetching build info: 404
2026-02-27 15:20:40,540 - WARNING - Error fetching build info: 404
2026-02-27 15:20:50,581 - WARNING - Error fetching build info: 404
2026-02-27 15:21:00,617 - WARNING - Error fetching build info: 404
2026-02-27 15:21:10,652 - WARNING - Error fetching build info: 404
2026-02-27 15:21:20,689 - WARNING - Error fetching build info: 404
2026-02-27 15:21:30,735 - WARNING - Error fetching build info: 404
2026-02-27 15:21:40,784 - WARNING - Error fetching build info: 404
2026-02-27 15:21:50,819 - WARNING - Error fetching build info: 404
2026-02-27 16:10:30,772 - WARNING - Error fetching build info: 404
2026-02-27 16:37:52,995 - WARNING - Error fetching build info: 404
2026-02-27 16:38:03,066 - WARNING - Error fetching build info: 404
2026-02-27 16:38:13,109 - WARNING - Error fetching build info: 404
2026-02-27 16:38:23,147 - WARNING - Error fetching build info: 404
2026-02-27 16:38:33,188 - WARNING - Error fetching build info: 404
2026-02-27 16:38:43,230 - WARNING - Error fetching build info: 404
2026-02-27 16:38:53,274 - WARNING - Error fetching build info: 404
2026-02-27 16:39:03,307 - WARNING - Error fetching build info: 404
2026-02-27 16:39:13,344 - WARNING - Error fetching build info: 404
2026-02-27 16:39:23,385 - WARNING - Error fetching build info: 404
2026-02-27 16:39:33,424 - WARNING - Error fetching build info: 404
2026-02-27 16:39:43,471 - WARNING - Error fetching build info: 404
2026-02-27 16:39:53,509 - WARNING - Error fetching build info: 404
2026-02-27 16:40:03,558 - WARNING - Error fetching build info: 404
2026-02-27 16:40:13,592 - WARNING - Error fetching build info: 404
2026-02-27 16:40:23,668 - WARNING - Error fetching build info: 404
2026-02-27 16:40:33,704 - WARNING - Error fetching build info: 404
2026-02-27 16:40:43,743 - WARNING - Error fetching build info: 404
2026-02-27 16:40:53,783 - WARNING - Error fetching build info: 404
2026-02-27 16:41:03,839 - WARNING - Error fetching build info: 404
2026-02-27 16:41:13,885 - WARNING - Error fetching build info: 404
2026-02-27 16:41:23,925 - WARNING - Error fetching build info: 404
2026-02-27 16:41:33,962 - WARNING - Error fetching build info: 404
2026-02-27 16:41:44,008 - WARNING - Error fetching build info: 404
2026-02-27 16:41:54,060 - WARNING - Error fetching build info: 404
2026-02-27 16:42:04,100 - WARNING - Error fetching build info: 404
2026-02-27 16:42:14,146 - WARNING - Error fetching build info: 404
2026-02-27 16:42:24,183 - WARNING - Error fetching build info: 404
2026-02-27 16:42:34,238 - WARNING - Error fetching build info: 404
2026-02-27 16:42:44,297 - WARNING - Error fetching build info: 404
2026-02-27 16:42:54,346 - WARNING - Error fetching build info: 404
2026-02-27 16:43:04,402 - WARNING - Error fetching build info: 404
2026-02-27 16:43:14,764 - WARNING - Error fetching build info: 404
2026-02-27 16:43:24,793 - WARNING - Error fetching build info: 404
2026-02-27 16:43:34,825 - WARNING - Error fetching build info: 404
2026-02-27 16:43:44,875 - WARNING - Error fetching build info: 404
2026-02-27 16:43:54,910 - WARNING - Error fetching build info: 404
2026-02-27 16:44:04,954 - WARNING - Error fetching build info: 404
2026-02-27 16:44:14,984 - WARNING - Error fetching build info: 404
2026-02-27 16:44:25,032 - WARNING - Error fetching build info: 404
2026-02-27 16:44:35,072 - WARNING - Error fetching build info: 404
2026-02-27 16:44:45,127 - WARNING - Error fetching build info: 404
2026-02-27 16:44:55,227 - WARNING - Error fetching build info: 404
2026-02-27 16:45:05,282 - WARNING - Error fetching build info: 404
2026-02-27 16:45:15,338 - WARNING - Error fetching build info: 404
2026-02-27 16:45:25,380 - WARNING - Error fetching build info: 404
2026-02-27 16:45:35,414 - WARNING - Error fetching build info: 404
2026-02-27 16:45:45,460 - WARNING - Error fetching build info: 404
2026-02-27 16:45:55,507 - WARNING - Error fetching build info: 404
2026-02-27 16:46:05,543 - WARNING - Error fetching build info: 404
2026-02-27 16:46:15,648 - WARNING - Error fetching build info: 404
2026-02-27 16:46:25,709 - WARNING - Error fetching build info: 404
2026-02-27 16:46:35,749 - WARNING - Error fetching build info: 404
2026-02-27 16:46:45,784 - WARNING - Error fetching build info: 404
2026-02-27 16:46:55,820 - WARNING - Error fetching build info: 404
2026-02-27 16:47:05,893 - WARNING - Error fetching build info: 404
2026-02-27 16:47:15,926 - WARNING - Error fetching build info: 404
2026-02-27 16:47:25,979 - WARNING - Error fetching build info: 404
2026-02-27 16:47:36,018 - WARNING - Error fetching build info: 404
2026-02-27 16:47:46,063 - WARNING - Error fetching build info: 404
2026-02-27 16:47:56,096 - WARNING - Error fetching build info: 404
2026-02-27 16:48:06,138 - WARNING - Error fetching build info: 404
2026-02-27 16:48:16,172 - WARNING - Error fetching build info: 404
2026-02-27 16:48:26,219 - WARNING - Error fetching build info: 404
2026-02-27 16:48:36,253 - WARNING - Error fetching build info: 404
2026-02-27 16:48:46,302 - WARNING - Error fetching build info: 404
2026-02-27 16:48:56,353 - WARNING - Error fetching build info: 404
2026-02-27 16:49:06,401 - WARNING - Error fetching build info: 404
2026-02-27 16:49:21,024 - WARNING - Error fetching build info: 404
2026-02-27 16:49:31,073 - WARNING - Error fetching build info: 404
2026-02-27 16:49:41,120 - WARNING - Error fetching build info: 404
2026-02-27 16:49:51,168 - WARNING - Error fetching build info: 404
2026-02-27 16:50:01,206 - WARNING - Error fetching build info: 404
2026-02-27 16:50:11,246 - WARNING - Error fetching build info: 404
2026-02-27 16:50:21,285 - WARNING - Error fetching build info: 404
2026-02-27 16:50:31,334 - WARNING - Error fetching build info: 404
2026-02-27 16:50:41,373 - WARNING - Error fetching build info: 404
2026-02-27 16:50:51,407 - WARNING - Error fetching build info: 404
2026-03-04 22:10:49,719 - INFO - Failure probability: 0.010
2026-03-04 22:10:49,720 - INFO - Chosen action: escalate_to_human
2026-03-04 22:10:49,720 - INFO - Simulated MTTR: 12.4s (baseline retry 12.4s)
2026-03-04 22:10:49,720 - INFO - MTTR reduction: 0.0%
2026-03-05 18:48:34,900 - INFO - Failure probability: 0.020
2026-03-05 18:48:34,901 - INFO - Chosen action: escalate_to_human
2026-03-05 18:48:34,901 - INFO - Simulated MTTR: 12.4s (baseline retry 12.4s)
2026-03-05 18:48:34,901 - INFO - MTTR reduction: 0.0%
2026-03-05 20:46:47,622 - INFO - Failure probability: 0.012
2026-03-05 20:46:47,623 - INFO - Chosen action: escalate_to_human
2026-03-05 20:46:47,624 - INFO - Simulated MTTR: 12.4s (baseline retry 12.4s)
2026-03-05 20:46:47,624 - INFO - MTTR reduction: 0.0%
2026-03-05 20:49:43,023 - INFO - Starting NeuroShield Real-Time Orchestrator
